info it worked if it ends with ok
verbose cli [ 'node', '/usr/local/bin/npm', 'test' ]
info using npm@1.1.0-3
info using node@v0.6.8
verbose /usr/local/bin/node node symlink
verbose config file /Users/ryanfairchild/.npmrc
verbose config file /usr/local/etc/npmrc
verbose config file /usr/local/lib/node_modules/npm/npmrc
verbose caching /Users/ryanfairchild/Code/betarator-web/package.json
verbose loadDefaults betarator-web@0.0.0
verbose run-script [ 'pretest', 'test', 'posttest' ]
info pretest betarator-web@0.0.0
info test betarator-web@0.0.0
verbose unsafe-perm in lifecycle true
silly exec sh "-c" "sequelize -m -u > /dev/null 2>&1; sequelize -m; vows test/*.js --spec"
silly spawning [ 'sh',
silly spawning   [ '-c',
silly spawning     'sequelize -m -u > /dev/null 2>&1; sequelize -m; vows test/*.js --spec' ],
silly spawning   '/Users/ryanfairchild/Code/betarator-web' ]
info betarator-web@0.0.0 Failed to exec test script
ERR! betarator-web@0.0.0 test: `sequelize -m -u > /dev/null 2>&1; sequelize -m; vows test/*.js --spec`
ERR! `sh "-c" "sequelize -m -u > /dev/null 2>&1; sequelize -m; vows test/*.js --spec"` failed with 2
ERR! 
ERR! Failed at the betarator-web@0.0.0 test script.
ERR! This is most likely a problem with the betarator-web package,
ERR! not with npm itself.
ERR! Tell the author that this fails on your system:
ERR!     sequelize -m -u > /dev/null 2>&1; sequelize -m; vows test/*.js --spec
ERR! You can get their info via:
ERR!     npm owner ls betarator-web
ERR! There is likely additional logging output above.
ERR! 
ERR! System Darwin 11.2.0
ERR! command "node" "/usr/local/bin/npm" "test"
ERR! cwd /Users/ryanfairchild/Code/betarator-web
ERR! node -v v0.6.8
ERR! npm -v 1.1.0-3
ERR! code ELIFECYCLE
ERR! message betarator-web@0.0.0 test: `sequelize -m -u > /dev/null 2>&1; sequelize -m; vows test/*.js --spec`
ERR! message `sh "-c" "sequelize -m -u > /dev/null 2>&1; sequelize -m; vows test/*.js --spec"` failed with 2
ERR! errno {}
verbose exit [ 1, true ]
